# JRE version: OpenJDK Runtime Environment (16.0.2+7) (build 16.0.2+7-67)
# Java VM: OpenJDK 64-Bit Server VM (16.0.2+7-67, mixed mode, tiered, compressed oops, compressed class ptrs, g1 gc, windows-amd64)
GC Precious Log:
 CPUs: 4 total, 4 available
 Memory: 8072M
 Large Page Support: Disabled
 NUMA Support: Disabled
 Compressed Oops: Enabled (32-bit)
 Heap Region Size: 1M
 Heap Min Capacity: 8M
 Heap Initial Capacity: 128M
 Heap Max Capacity: 2020M
 Pre-touch: Disabled
 Parallel Workers: 4
 Concurrent Workers: 1
 Concurrent Refinement Workers: 4
 Periodic GC: Disabled
Heap:
 garbage-first heap   total 119808K, used 51422K [0x0000000081c00000, 0x0000000100000000)
  region size 1024K, 6 young (6144K), 5 survivors (5120K)
 Metaspace       used 76938K, committed 77568K, reserved 1122304K
  class space    used 10374K, committed 10688K, reserved 1048576K
GC Heap History (20 events):
Event: 13.931 GC heap before
{Heap before GC invocations=21 (full 0):
 garbage-first heap   total 65536K, used 43140K [0x0000000081c00000, 0x0000000100000000)
  region size 1024K, 20 young (20480K), 1 survivors (1024K)
 Metaspace       used 43415K, committed 43840K, reserved 1089536K
  class space    used 5504K, committed 5696K, reserved 1048576K
}
Event: 13.934 GC heap after
{Heap after GC invocations=22 (full 0):
 garbage-first heap   total 65536K, used 24982K [0x0000000081c00000, 0x0000000100000000)
  region size 1024K, 2 young (2048K), 2 survivors (2048K)
 Metaspace       used 43415K, committed 43840K, reserved 1089536K
  class space    used 5504K, committed 5696K, reserved 1048576K
}
Event: 14.801 GC heap before
{Heap before GC invocations=22 (full 0):
 garbage-first heap   total 65536K, used 53654K [0x0000000081c00000, 0x0000000100000000)
  region size 1024K, 30 young (30720K), 2 survivors (2048K)
 Metaspace       used 45023K, committed 45504K, reserved 1089536K
  class space    used 5737K, committed 5952K, reserved 1048576K
}
Event: 14.805 GC heap after
{Heap after GC invocations=23 (full 0):
 garbage-first heap   total 65536K, used 26811K [0x0000000081c00000, 0x0000000100000000)
  region size 1024K, 4 young (4096K), 4 survivors (4096K)
 Metaspace       used 45023K, committed 45504K, reserved 1089536K
  class space    used 5737K, committed 5952K, reserved 1048576K
}
Event: 16.132 GC heap before
{Heap before GC invocations=23 (full 0):
 garbage-first heap   total 65536K, used 52411K [0x0000000081c00000, 0x0000000100000000)
  region size 1024K, 29 young (29696K), 4 survivors (4096K)
 Metaspace       used 51769K, committed 52224K, reserved 1097728K
  class space    used 6530K, committed 6720K, reserved 1048576K
}
Event: 16.143 GC heap after
{Heap after GC invocations=24 (full 0):
 garbage-first heap   total 65536K, used 29847K [0x0000000081c00000, 0x0000000100000000)
  region size 1024K, 4 young (4096K), 4 survivors (4096K)
 Metaspace       used 51769K, committed 52224K, reserved 1097728K
  class space    used 6530K, committed 6720K, reserved 1048576K
}
Event: 16.549 GC heap before
{Heap before GC invocations=24 (full 0):
 garbage-first heap   total 65536K, used 51351K [0x0000000081c00000, 0x0000000100000000)
  region size 1024K, 25 young (25600K), 4 survivors (4096K)
 Metaspace       used 52063K, committed 52480K, reserved 1097728K
  class space    used 6572K, committed 6784K, reserved 1048576K
}
Event: 16.553 GC heap after
{Heap after GC invocations=25 (full 0):
 garbage-first heap   total 65536K, used 30967K [0x0000000081c00000, 0x0000000100000000)
  region size 1024K, 2 young (2048K), 2 survivors (2048K)
 Metaspace       used 52063K, committed 52480K, reserved 1097728K
  class space    used 6572K, committed 6784K, reserved 1048576K
}
Event: 17.336 GC heap before
{Heap before GC invocations=25 (full 0):
 garbage-first heap   total 65536K, used 50423K [0x0000000081c00000, 0x0000000100000000)
  region size 1024K, 22 young (22528K), 2 survivors (2048K)
 Metaspace       used 55982K, committed 56448K, reserved 1105920K
  class space    used 7225K, committed 7424K, reserved 1048576K
}
Event: 17.342 GC heap after
{Heap after GC invocations=26 (full 0):
 garbage-first heap   total 167936K, used 32057K [0x0000000081c00000, 0x0000000100000000)
  region size 1024K, 3 young (3072K), 3 survivors (3072K)
 Metaspace       used 55982K, committed 56448K, reserved 1105920K
  class space    used 7225K, committed 7424K, reserved 1048576K
}
Event: 19.497 GC heap before
{Heap before GC invocations=27 (full 0):
 garbage-first heap   total 119808K, used 100665K [0x0000000081c00000, 0x0000000100000000)
  region size 1024K, 70 young (71680K), 3 survivors (3072K)
 Metaspace       used 64382K, committed 64896K, reserved 1105920K
  class space    used 8516K, committed 8768K, reserved 1048576K
}
Event: 19.503 GC heap after
{Heap after GC invocations=28 (full 0):
 garbage-first heap   total 119808K, used 34398K [0x0000000081c00000, 0x0000000100000000)
  region size 1024K, 5 young (5120K), 5 survivors (5120K)
 Metaspace       used 64382K, committed 64896K, reserved 1105920K
  class space    used 8516K, committed 8768K, reserved 1048576K
}
Event: 20.543 GC heap before
{Heap before GC invocations=28 (full 0):
 garbage-first heap   total 119808K, used 94814K [0x0000000081c00000, 0x0000000100000000)
  region size 1024K, 64 young (65536K), 5 survivors (5120K)
 Metaspace       used 68448K, committed 68928K, reserved 1114112K
  class space    used 9051K, committed 9280K, reserved 1048576K
}
Event: 20.552 GC heap after
{Heap after GC invocations=29 (full 0):
 garbage-first heap   total 119808K, used 36755K [0x0000000081c00000, 0x0000000100000000)
  region size 1024K, 6 young (6144K), 6 survivors (6144K)
 Metaspace       used 68448K, committed 68928K, reserved 1114112K
  class space    used 9051K, committed 9280K, reserved 1048576K
}
Event: 21.716 GC heap before
{Heap before GC invocations=29 (full 0):
 garbage-first heap   total 119808K, used 96147K [0x0000000081c00000, 0x0000000100000000)
  region size 1024K, 64 young (65536K), 6 survivors (6144K)
 Metaspace       used 71192K, committed 71680K, reserved 1114112K
  class space    used 9486K, committed 9728K, reserved 1048576K
}
Event: 21.729 GC heap after
{Heap after GC invocations=30 (full 0):
 garbage-first heap   total 119808K, used 41489K [0x0000000081c00000, 0x0000000100000000)
  region size 1024K, 8 young (8192K), 8 survivors (8192K)
 Metaspace       used 71192K, committed 71680K, reserved 1114112K
  class space    used 9486K, committed 9728K, reserved 1048576K
}
Event: 22.861 GC heap before
{Heap before GC invocations=30 (full 0):
 garbage-first heap   total 119808K, used 95761K [0x0000000081c00000, 0x0000000100000000)
  region size 1024K, 61 young (62464K), 8 survivors (8192K)
 Metaspace       used 74623K, committed 75136K, reserved 1114112K
  class space    used 10021K, committed 10240K, reserved 1048576K
}
Event: 22.876 GC heap after
{Heap after GC invocations=31 (full 0):
 garbage-first heap   total 119808K, used 47100K [0x0000000081c00000, 0x0000000100000000)
  region size 1024K, 6 young (6144K), 6 survivors (6144K)
 Metaspace       used 74623K, committed 75136K, reserved 1114112K
  class space    used 10021K, committed 10240K, reserved 1048576K
}
Event: 65.169 GC heap before
{Heap before GC invocations=31 (full 0):
 garbage-first heap   total 119808K, used 95228K [0x0000000081c00000, 0x0000000100000000)
  region size 1024K, 53 young (54272K), 6 survivors (6144K)
 Metaspace       used 76938K, committed 77568K, reserved 1122304K
  class space    used 10374K, committed 10688K, reserved 1048576K
}
Event: 65.185 GC heap after
{Heap after GC invocations=32 (full 0):
 garbage-first heap   total 119808K, used 51422K [0x0000000081c00000, 0x0000000100000000)
  region size 1024K, 5 young (5120K), 5 survivors (5120K)
 Metaspace       used 76938K, committed 77568K, reserved 1122304K
  class space    used 10374K, committed 10688K, reserved 1048576K
}

